time="2023-01-28T22:25:28+03:00" level=info msg="create router" func="main.main()" file="app.go:15"
time="2023-01-28T22:25:28+03:00" level=info msg="register user handler" func="main.main()" file="app.go:18"
time="2023-01-28T22:29:11+03:00" level=info msg="create router" func="main.main()" file="app.go:15"
time="2023-01-28T22:29:11+03:00" level=info msg="register user handler" func="main.main()" file="app.go:18"
time="2023-01-28T22:31:30+03:00" level=info msg="create router" func="main.main()" file="app.go:14"
time="2023-01-28T22:31:30+03:00" level=info msg="register user handler" func="main.main()" file="app.go:17"
time="2023-01-28T22:31:30+03:00" level=info msg="start application" func="main.start()" file="app.go:26"
time="2023-01-28T22:31:30+03:00" level=info msg="server is listening port 1234" func="main.start()" file="app.go:36"
time="2023-01-28T23:17:31+03:00" level=info msg="create router" func="main.main()" file="app.go:19"
time="2023-01-28T23:17:31+03:00" level=info msg="read application configuration" func="rest_api_service/internal/config.GetConfig.func1()" file="config.go:24"
time="2023-01-28T23:17:31+03:00" level=info msg="register user handler" func="main.main()" file="app.go:24"
time="2023-01-28T23:17:31+03:00" level=info msg="start application" func="main.start()" file="app.go:33"
time="2023-01-28T23:17:31+03:00" level=info msg="listen tcp" func="main.start()" file="app.go:50"
time="2023-01-28T23:17:31+03:00" level=fatal msg="<nil>" func="main.start()" file="app.go:56"
time="2023-01-28T23:18:34+03:00" level=info msg="create router" func="main.main()" file="app.go:19"
time="2023-01-28T23:18:34+03:00" level=info msg="read application configuration" func="rest_api_service/internal/config.GetConfig.func1()" file="config.go:24"
time="2023-01-28T23:18:34+03:00" level=info msg="register user handler" func="main.main()" file="app.go:24"
time="2023-01-28T23:18:34+03:00" level=info msg="start application" func="main.start()" file="app.go:33"
time="2023-01-28T23:18:34+03:00" level=info msg="listen tcp" func="main.start()" file="app.go:50"
time="2023-01-28T23:18:34+03:00" level=info msg="server is listening port 0.0.0.0:10000" func="main.start()" file="app.go:64"
time="2023-01-28T23:19:47+03:00" level=info msg="create router" func="main.main()" file="app.go:19"
time="2023-01-28T23:19:47+03:00" level=info msg="read application configuration" func="rest_api_service/internal/config.GetConfig.func1()" file="config.go:24"
time="2023-01-28T23:19:47+03:00" level=info msg="register user handler" func="main.main()" file="app.go:24"
time="2023-01-28T23:19:47+03:00" level=info msg="start application" func="main.start()" file="app.go:33"
time="2023-01-28T23:19:47+03:00" level=info msg="create socker" func="main.start()" file="app.go:43"
time="2023-01-28T23:19:47+03:00" level=debug msg="socker path: C:\\Users\\pizhlo21\\AppData\\Local\\Temp\\GoLand/app.sock" func="main.start()" file="app.go:45"
time="2023-01-28T23:19:47+03:00" level=info msg="listen unix socket" func="main.start()" file="app.go:47"
time="2023-01-28T23:19:47+03:00" level=info msg="server is listening port 0.0.0.0:10000" func="main.start()" file="app.go:64"
time="2023-01-28T23:23:47+03:00" level=info msg="create router" func="main.main()" file="app.go:19"
time="2023-01-28T23:23:47+03:00" level=info msg="read application configuration" func="rest_api_service/internal/config.GetConfig.func1()" file="config.go:24"
time="2023-01-28T23:23:47+03:00" level=info msg="register user handler" func="main.main()" file="app.go:24"
time="2023-01-28T23:23:47+03:00" level=info msg="start application" func="main.start()" file="app.go:33"
time="2023-01-28T23:23:47+03:00" level=info msg="detect app path" func="main.start()" file="app.go:39"
time="2023-01-28T23:23:47+03:00" level=info msg="create socket" func="main.start()" file="app.go:44"
time="2023-01-28T23:23:47+03:00" level=info msg="listen unix socket" func="main.start()" file="app.go:47"
time="2023-01-28T23:23:47+03:00" level=info msg="server is listening unix socket: C:\\Users\\pizhlo21\\Desktop\\Folder\\golang\\rest_api_service\\build/app.sock" func="main.start()" file="app.go:49"
time="2023-01-28T23:29:07+03:00" level=info msg="create router" func="main.main()" file="app.go:19"
time="2023-01-28T23:29:07+03:00" level=info msg="read application configuration" func="rest_api_service/internal/config.GetConfig.func1()" file="config.go:24"
time="2023-01-28T23:29:07+03:00" level=info msg="register user handler" func="main.main()" file="app.go:24"
time="2023-01-28T23:29:07+03:00" level=info msg="start application" func="main.start()" file="app.go:33"
time="2023-01-28T23:29:07+03:00" level=info msg="detect app path" func="main.start()" file="app.go:39"
time="2023-01-28T23:29:07+03:00" level=info msg="create socket" func="main.start()" file="app.go:44"
time="2023-01-28T23:29:07+03:00" level=info msg="listen unix socket" func="main.start()" file="app.go:47"
time="2023-01-28T23:29:07+03:00" level=info msg="server is listening unix socket: C:\\Users\\pizhlo21\\Desktop\\Folder\\golang\\rest_api_service\\build/app.sock" func="main.start()" file="app.go:49"
time="2023-01-28T23:29:34+03:00" level=info msg="create router" func="main.main()" file="app.go:19"
time="2023-01-28T23:29:38+03:00" level=info msg="read application configuration" func="rest_api_service/internal/config.GetConfig.func1()" file="config.go:24"
time="2023-01-28T23:29:39+03:00" level=info msg="register user handler" func="main.main()" file="app.go:24"
time="2023-01-28T23:29:41+03:00" level=info msg="start application" func="main.start()" file="app.go:33"
time="2023-01-28T23:29:41+03:00" level=info msg="detect app path" func="main.start()" file="app.go:39"
time="2023-01-28T23:29:41+03:00" level=info msg="create socket" func="main.start()" file="app.go:44"
time="2023-01-28T23:29:41+03:00" level=info msg="listen unix socket" func="main.start()" file="app.go:47"
time="2023-01-28T23:29:41+03:00" level=info msg="server is listening unix socket: C:\\Users\\pizhlo21\\Desktop\\Folder\\golang\\rest_api_service\\build/app.sock" func="main.start()" file="app.go:49"
time="2023-01-30T12:59:38+03:00" level=info msg="create router" func="main.main()" file="app.go:22"
time="2023-01-30T12:59:38+03:00" level=info msg="read application configuration" func="rest_api_service/internal/config.GetConfig.func1()" file="config.go:33"
time="2023-01-30T13:01:15+03:00" level=info msg="create router" func="main.main()" file="app.go:22"
time="2023-01-30T13:01:15+03:00" level=info msg="read application configuration" func="rest_api_service/internal/config.GetConfig.func1()" file="config.go:33"
